Build started 29/04/2015 12:41:21.
     1>Project "C:\Users\Masimba\Documents\GitHub\Extension-FoP-Assignment\4374_Task1c_Skeleton\Project_VS13.vcxproj" on node 2 (Build target(s)).
     1>ClCompile:
         C:\Program Files (x86)\Microsoft Visual Studio 12.0\VC\bin\CL.exe /c /ZI /nologo /W3 /WX- /sdl- /Od /Oy- /D _MBCS /D _MBCS /D NODEBUG /Gm /EHsc /RTC1 /MDd /GS /fp:precise /Zc:wchar_t /Zc:forScope /GR /Fo"Debug\\" /Fd"Debug\vc120.pdb" /Gd /TP /analyze- /errorReport:prompt 4374_Task1c_Skeleton.cpp
         4374_Task1c_Skeleton.cpp
     1>c:\users\masimba\documents\github\extension-fop-assignment\4374_task1c_skeleton\4374_task1c_skeleton.cpp(239): warning C4018: '<' : signed/unsigned mismatch
     1>c:\users\masimba\documents\github\extension-fop-assignment\4374_task1c_skeleton\4374_task1c_skeleton.cpp(260): warning C4018: '<' : signed/unsigned mismatch
     1>c:\users\masimba\documents\github\extension-fop-assignment\4374_task1c_skeleton\4374_task1c_skeleton.cpp(283): warning C4018: '<' : signed/unsigned mismatch
     1>c:\users\masimba\documents\github\extension-fop-assignment\4374_task1c_skeleton\4374_task1c_skeleton.cpp(332): warning C4018: '<' : signed/unsigned mismatch
     1>c:\users\masimba\documents\github\extension-fop-assignment\4374_task1c_skeleton\4374_task1c_skeleton.cpp(338): warning C4018: '<' : signed/unsigned mismatch
     1>c:\users\masimba\documents\github\extension-fop-assignment\4374_task1c_skeleton\4374_task1c_skeleton.cpp(346): warning C4018: '<' : signed/unsigned mismatch
     1>c:\users\masimba\documents\github\extension-fop-assignment\4374_task1c_skeleton\4374_task1c_skeleton.cpp(416): warning C4018: '<' : signed/unsigned mismatch
     1>c:\users\masimba\documents\github\extension-fop-assignment\4374_task1c_skeleton\4374_task1c_skeleton.cpp(450): warning C4018: '<' : signed/unsigned mismatch
     1>c:\users\masimba\documents\github\extension-fop-assignment\4374_task1c_skeleton\4374_task1c_skeleton.cpp(536): warning C4996: 'getch': The POSIX name for this item is deprecated. Instead, use the ISO C++ conformant name: _getch. See online help for details.
                 c:\program files (x86)\microsoft visual studio 12.0\vc\include\conio.h(131) : see declaration of 'getch'
     1>c:\users\masimba\documents\github\extension-fop-assignment\4374_task1c_skeleton\4374_task1c_skeleton.cpp(538): warning C4996: 'getch': The POSIX name for this item is deprecated. Instead, use the ISO C++ conformant name: _getch. See online help for details.
                 c:\program files (x86)\microsoft visual studio 12.0\vc\include\conio.h(131) : see declaration of 'getch'
     1>c:\users\masimba\documents\github\extension-fop-assignment\4374_task1c_skeleton\4374_task1c_skeleton.cpp(563): warning C4018: '<' : signed/unsigned mismatch
     1>c:\users\masimba\documents\github\extension-fop-assignment\4374_task1c_skeleton\4374_task1c_skeleton.cpp(640): warning C4101: 'insideWall' : unreferenced local variable
     1>c:\users\masimba\documents\github\extension-fop-assignment\4374_task1c_skeleton\4374_task1c_skeleton.cpp(883): warning C4018: '<' : signed/unsigned mismatch
     1>c:\users\masimba\documents\github\extension-fop-assignment\4374_task1c_skeleton\4374_task1c_skeleton.cpp(899): warning C4018: '<' : signed/unsigned mismatch
     1>c:\users\masimba\documents\github\extension-fop-assignment\4374_task1c_skeleton\4374_task1c_skeleton.cpp(1004): warning C4018: '<' : signed/unsigned mismatch
     1>c:\users\masimba\documents\github\extension-fop-assignment\4374_task1c_skeleton\4374_task1c_skeleton.cpp(1013): warning C4018: '<' : signed/unsigned mismatch
     1>c:\users\masimba\documents\github\extension-fop-assignment\4374_task1c_skeleton\4374_task1c_skeleton.cpp(1019): warning C4018: '<' : signed/unsigned mismatch
       Link:
         C:\Program Files (x86)\Microsoft Visual Studio 12.0\VC\bin\link.exe /ERRORREPORT:PROMPT /OUT:"C:\Users\Masimba\Documents\GitHub\Extension-FoP-Assignment\4374_Task1c_Skeleton\Debug\Project_VS13.exe" /INCREMENTAL /NOLOGO kernel32.lib user32.lib gdi32.lib winspool.lib comdlg32.lib advapi32.lib shell32.lib ole32.lib oleaut32.lib uuid.lib odbc32.lib odbccp32.lib /MANIFEST /MANIFESTUAC:"level='asInvoker' uiAccess='false'" /manifest:embed /DEBUG /PDB:"C:\Users\Masimba\Documents\GitHub\Extension-FoP-Assignment\4374_Task1c_Skeleton\Debug\Project_VS13.pdb" /TLBID:1 /DYNAMICBASE /NXCOMPAT /IMPLIB:"C:\Users\Masimba\Documents\GitHub\Extension-FoP-Assignment\4374_Task1c_Skeleton\Debug\Project_VS13.lib" /MACHINE:X86 Debug\4374_Task1c_Skeleton.obj
         Debug\ConsoleUtils.obj
         Debug\RandomUtils.obj
         Debug\TimeUtils.obj
         Project_VS13.vcxproj -> C:\Users\Masimba\Documents\GitHub\Extension-FoP-Assignment\4374_Task1c_Skeleton\Debug\Project_VS13.exe
     1>Done Building Project "C:\Users\Masimba\Documents\GitHub\Extension-FoP-Assignment\4374_Task1c_Skeleton\Project_VS13.vcxproj" (Build target(s)).

Build succeeded.

Time Elapsed 00:00:02.60
